<?xml version="1.0" encoding="UTF-8"?>
<testsuite name="com.week1.SpaceShipTest" tests="6" skipped="0" failures="0" errors="0" timestamp="2021-02-26T21:21:52" hostname="RGCAFCS82020" time="0.008">
  <properties/>
  <testcase name="createOneCrewShip()" classname="com.week1.SpaceShipTest" time="0.001"/>
  <testcase name="createCrewShip()" classname="com.week1.SpaceShipTest" time="0.001"/>
  <testcase name="FlyEasyTest()" classname="com.week1.SpaceShipTest" time="0.001"/>
  <testcase name="RefuelTest()" classname="com.week1.SpaceShipTest" time="0.0"/>
  <testcase name="FlyFastTest()" classname="com.week1.SpaceShipTest" time="0.001"/>
  <testcase name="addCrewTest()" classname="com.week1.SpaceShipTest" time="0.001"/>
  <system-out><![CDATA[]]></system-out>
  <system-err><![CDATA[]]></system-err>
</testsuite>
