<?xml version="1.0" encoding="UTF-8"?>
<testsuite name="com.cp.week1ApplicationTests" tests="1" skipped="0" failures="0" errors="0" timestamp="2021-03-26T13:12:11" hostname="RGCAFCS82020.local" time="0.003">
  <properties/>
  <testcase name="contextLoads()" classname="com.cp.week1ApplicationTests" time="0.003"/>
  <system-out><![CDATA[2021-03-26 08:12:11.683  INFO 78312 --- [    Test worker] .b.t.c.SpringBootTestContextBootstrapper : Neither @ContextConfiguration nor @ContextHierarchy found for test class [com.cp.week1ApplicationTests], using SpringBootContextLoader
2021-03-26 08:12:11.684  INFO 78312 --- [    Test worker] o.s.t.c.support.AbstractContextLoader    : Could not detect default resource locations for test class [com.cp.week1ApplicationTests]: no resource found for suffixes {-context.xml, Context.groovy}.
2021-03-26 08:12:11.684  INFO 78312 --- [    Test worker] t.c.s.AnnotationConfigContextLoaderUtils : Could not detect default configuration classes for test class [com.cp.week1ApplicationTests]: week1ApplicationTests does not declare any static, non-private, non-final, nested classes annotated with @Configuration.
2021-03-26 08:12:11.685  INFO 78312 --- [    Test worker] .b.t.c.SpringBootTestContextBootstrapper : Found @SpringBootConfiguration com.cp.springApplication for test class com.cp.week1ApplicationTests
2021-03-26 08:12:11.687  INFO 78312 --- [    Test worker] .b.t.c.SpringBootTestContextBootstrapper : Loaded default TestExecutionListener class names from location [META-INF/spring.factories]: [org.springframework.boot.test.autoconfigure.restdocs.RestDocsTestExecutionListener, org.springframework.boot.test.autoconfigure.web.client.MockRestServiceServerResetTestExecutionListener, org.springframework.boot.test.autoconfigure.web.servlet.MockMvcPrintOnlyOnFailureTestExecutionListener, org.springframework.boot.test.autoconfigure.web.servlet.WebDriverTestExecutionListener, org.springframework.boot.test.autoconfigure.webservices.client.MockWebServiceServerTestExecutionListener, org.springframework.boot.test.mock.mockito.MockitoTestExecutionListener, org.springframework.boot.test.mock.mockito.ResetMocksTestExecutionListener, org.springframework.test.context.web.ServletTestExecutionListener, org.springframework.test.context.support.DirtiesContextBeforeModesTestExecutionListener, org.springframework.test.context.event.ApplicationEventsTestExecutionListener, org.springframework.test.context.support.DependencyInjectionTestExecutionListener, org.springframework.test.context.support.DirtiesContextTestExecutionListener, org.springframework.test.context.transaction.TransactionalTestExecutionListener, org.springframework.test.context.jdbc.SqlScriptsTestExecutionListener, org.springframework.test.context.event.EventPublishingTestExecutionListener]
2021-03-26 08:12:11.687  INFO 78312 --- [    Test worker] .b.t.c.SpringBootTestContextBootstrapper : Using TestExecutionListeners: [org.springframework.test.context.web.ServletTestExecutionListener@1403646, org.springframework.test.context.support.DirtiesContextBeforeModesTestExecutionListener@396fff92, org.springframework.test.context.event.ApplicationEventsTestExecutionListener@17cc8c28, org.springframework.boot.test.mock.mockito.MockitoTestExecutionListener@32c408f4, org.springframework.boot.test.autoconfigure.SpringBootDependencyInjectionTestExecutionListener@3236faec, org.springframework.test.context.support.DirtiesContextTestExecutionListener@74e30057, org.springframework.test.context.transaction.TransactionalTestExecutionListener@73d6f2f, org.springframework.test.context.jdbc.SqlScriptsTestExecutionListener@15ac4494, org.springframework.test.context.event.EventPublishingTestExecutionListener@10c83d57, org.springframework.boot.test.autoconfigure.restdocs.RestDocsTestExecutionListener@7c4576a1, org.springframework.boot.test.autoconfigure.web.client.MockRestServiceServerResetTestExecutionListener@10ed3a11, org.springframework.boot.test.autoconfigure.web.servlet.MockMvcPrintOnlyOnFailureTestExecutionListener@6712547c, org.springframework.boot.test.autoconfigure.web.servlet.WebDriverTestExecutionListener@36e1ff4c, org.springframework.boot.test.autoconfigure.webservices.client.MockWebServiceServerTestExecutionListener@61c6674f, org.springframework.boot.test.mock.mockito.ResetMocksTestExecutionListener@1882e4d4]
]]></system-out>
  <system-err><![CDATA[]]></system-err>
</testsuite>
