<?xml version="1.0" encoding="UTF-8"?>
<testsuite name="com.cp.controller.EndPointsTest" tests="14" skipped="0" failures="0" errors="0" timestamp="2021-03-08T19:11:27" hostname="RGCAFCS82020.local" time="0.084">
  <properties/>
  <testcase name="testCrewMember1()" classname="com.cp.controller.EndPointsTest" time="0.006"/>
  <testcase name="testCrewMember2()" classname="com.cp.controller.EndPointsTest" time="0.004"/>
  <testcase name="testCrewMember3()" classname="com.cp.controller.EndPointsTest" time="0.004"/>
  <testcase name="testHomePageEndpoint()" classname="com.cp.controller.EndPointsTest" time="0.004"/>
  <testcase name="testCrewMemberAdd1()" classname="com.cp.controller.EndPointsTest" time="0.006"/>
  <testcase name="testCrewMemberAdd2()" classname="com.cp.controller.EndPointsTest" time="0.005"/>
  <testcase name="testSpaceshipcookie1()" classname="com.cp.controller.EndPointsTest" time="0.008"/>
  <testcase name="testSpaceshipcookie2()" classname="com.cp.controller.EndPointsTest" time="0.004"/>
  <testcase name="testSpaceshipcookie3()" classname="com.cp.controller.EndPointsTest" time="0.004"/>
  <testcase name="testSpaceshipcookie4()" classname="com.cp.controller.EndPointsTest" time="0.004"/>
  <testcase name="testCrewMemberNumber1()" classname="com.cp.controller.EndPointsTest" time="0.006"/>
  <testcase name="testCrewMemberNumber2()" classname="com.cp.controller.EndPointsTest" time="0.004"/>
  <testcase name="testSpaceshipGiveCookie1()" classname="com.cp.controller.EndPointsTest" time="0.009"/>
  <testcase name="contextLoads()" classname="com.cp.controller.EndPointsTest" time="0.002"/>
  <system-out><![CDATA[2021-03-08 13:11:26.786  INFO 17122 --- [    Test worker] .b.t.a.w.s.WebMvcTestContextBootstrapper : Neither @ContextConfiguration nor @ContextHierarchy found for test class [com.cp.controller.EndPointsTest], using SpringBootContextLoader
2021-03-08 13:11:26.787  INFO 17122 --- [    Test worker] o.s.t.c.support.AbstractContextLoader    : Could not detect default resource locations for test class [com.cp.controller.EndPointsTest]: no resource found for suffixes {-context.xml, Context.groovy}.
2021-03-08 13:11:26.787  INFO 17122 --- [    Test worker] t.c.s.AnnotationConfigContextLoaderUtils : Could not detect default configuration classes for test class [com.cp.controller.EndPointsTest]: EndPointsTest does not declare any static, non-private, non-final, nested classes annotated with @Configuration.
2021-03-08 13:11:26.791  INFO 17122 --- [    Test worker] .b.t.c.SpringBootTestContextBootstrapper : Found @SpringBootConfiguration com.cp.springApplication for test class com.cp.controller.EndPointsTest
2021-03-08 13:11:26.792  INFO 17122 --- [    Test worker] .b.t.a.w.s.WebMvcTestContextBootstrapper : Loaded default TestExecutionListener class names from location [META-INF/spring.factories]: [org.springframework.boot.test.autoconfigure.restdocs.RestDocsTestExecutionListener, org.springframework.boot.test.autoconfigure.web.client.MockRestServiceServerResetTestExecutionListener, org.springframework.boot.test.autoconfigure.web.servlet.MockMvcPrintOnlyOnFailureTestExecutionListener, org.springframework.boot.test.autoconfigure.web.servlet.WebDriverTestExecutionListener, org.springframework.boot.test.autoconfigure.webservices.client.MockWebServiceServerTestExecutionListener, org.springframework.boot.test.mock.mockito.MockitoTestExecutionListener, org.springframework.boot.test.mock.mockito.ResetMocksTestExecutionListener, org.springframework.test.context.web.ServletTestExecutionListener, org.springframework.test.context.support.DirtiesContextBeforeModesTestExecutionListener, org.springframework.test.context.event.ApplicationEventsTestExecutionListener, org.springframework.test.context.support.DependencyInjectionTestExecutionListener, org.springframework.test.context.support.DirtiesContextTestExecutionListener, org.springframework.test.context.transaction.TransactionalTestExecutionListener, org.springframework.test.context.jdbc.SqlScriptsTestExecutionListener, org.springframework.test.context.event.EventPublishingTestExecutionListener]
2021-03-08 13:11:26.792  INFO 17122 --- [    Test worker] .b.t.a.w.s.WebMvcTestContextBootstrapper : Using TestExecutionListeners: [org.springframework.test.context.web.ServletTestExecutionListener@253cd85, org.springframework.test.context.support.DirtiesContextBeforeModesTestExecutionListener@601592bc, org.springframework.test.context.event.ApplicationEventsTestExecutionListener@72eb17d2, org.springframework.boot.test.mock.mockito.MockitoTestExecutionListener@73d4c41a, org.springframework.boot.test.autoconfigure.SpringBootDependencyInjectionTestExecutionListener@6f771000, org.springframework.test.context.support.DirtiesContextTestExecutionListener@233bff20, org.springframework.test.context.transaction.TransactionalTestExecutionListener@9c42912, org.springframework.test.context.jdbc.SqlScriptsTestExecutionListener@5ce5d824, org.springframework.test.context.event.EventPublishingTestExecutionListener@b4534a8, org.springframework.boot.test.autoconfigure.restdocs.RestDocsTestExecutionListener@777b081f, org.springframework.boot.test.autoconfigure.web.client.MockRestServiceServerResetTestExecutionListener@5f5f235b, org.springframework.boot.test.autoconfigure.web.servlet.MockMvcPrintOnlyOnFailureTestExecutionListener@2d09f46c, org.springframework.boot.test.autoconfigure.web.servlet.WebDriverTestExecutionListener@fcb6511, org.springframework.boot.test.autoconfigure.webservices.client.MockWebServiceServerTestExecutionListener@20dfaf07, org.springframework.boot.test.mock.mockito.ResetMocksTestExecutionListener@63c15bc]

  .   ____          _            __ _ _
 /\\ / ___'_ __ _ _(_)_ __  __ _ \ \ \ \
( ( )\___ | '_ | '_| | '_ \/ _` | \ \ \ \
 \\/  ___)| |_)| | | | | || (_| |  ) ) ) )
  '  |____| .__|_| |_|_| |_\__, | / / / /
 =========|_|==============|___/=/_/_/_/
 :: Spring Boot ::                (v2.4.2)

2021-03-08 13:11:26.810  INFO 17122 --- [    Test worker] com.cp.controller.EndPointsTest          : Starting EndPointsTest using Java 15.0.1 on RGCAFCS82020.local with PID 17122 (started by j2153034 in /Users/j2153034/Documents/GitHub/ContinuityProject)
2021-03-08 13:11:26.812  INFO 17122 --- [    Test worker] com.cp.controller.EndPointsTest          : No active profile set, falling back to default profiles: default
2021-03-08 13:11:27.007  INFO 17122 --- [    Test worker] o.s.s.concurrent.ThreadPoolTaskExecutor  : Initializing ExecutorService 'applicationTaskExecutor'
2021-03-08 13:11:27.091  INFO 17122 --- [    Test worker] o.s.b.t.m.w.SpringBootMockServletContext : Initializing Spring TestDispatcherServlet ''
2021-03-08 13:11:27.091  INFO 17122 --- [    Test worker] o.s.t.web.servlet.TestDispatcherServlet  : Initializing Servlet ''
2021-03-08 13:11:27.091  INFO 17122 --- [    Test worker] o.s.t.web.servlet.TestDispatcherServlet  : Completed initialization in 0 ms
2021-03-08 13:11:27.100  INFO 17122 --- [    Test worker] com.cp.controller.EndPointsTest          : Started EndPointsTest in 0.305 seconds (JVM running for 13.444)
]]></system-out>
  <system-err><![CDATA[]]></system-err>
</testsuite>
