<?xml version="1.0" encoding="UTF-8"?>
<testsuite name="com.week3.ApplicationTests" tests="1" skipped="0" failures="0" errors="0" timestamp="2021-02-26T18:33:27" hostname="RGCAFCS82020" time="0.002">
  <properties/>
  <testcase name="contextLoads()" classname="com.week3.ApplicationTests" time="0.002"/>
  <system-out><![CDATA[2021-02-26 12:33:26.897  INFO 28682 --- [    Test worker] .b.t.c.SpringBootTestContextBootstrapper : Neither @ContextConfiguration nor @ContextHierarchy found for test class [com.week3.ApplicationTests], using SpringBootContextLoader
2021-02-26 12:33:26.897  INFO 28682 --- [    Test worker] o.s.t.c.support.AbstractContextLoader    : Could not detect default resource locations for test class [com.week3.ApplicationTests]: no resource found for suffixes {-context.xml, Context.groovy}.
2021-02-26 12:33:26.898  INFO 28682 --- [    Test worker] t.c.s.AnnotationConfigContextLoaderUtils : Could not detect default configuration classes for test class [com.week3.ApplicationTests]: ApplicationTests does not declare any static, non-private, non-final, nested classes annotated with @Configuration.
2021-02-26 12:33:26.899  INFO 28682 --- [    Test worker] .b.t.c.SpringBootTestContextBootstrapper : Found @SpringBootConfiguration com.week3.Application for test class com.week3.ApplicationTests
2021-02-26 12:33:26.903  INFO 28682 --- [    Test worker] .b.t.c.SpringBootTestContextBootstrapper : Loaded default TestExecutionListener class names from location [META-INF/spring.factories]: [org.springframework.boot.test.autoconfigure.restdocs.RestDocsTestExecutionListener, org.springframework.boot.test.autoconfigure.web.client.MockRestServiceServerResetTestExecutionListener, org.springframework.boot.test.autoconfigure.web.servlet.MockMvcPrintOnlyOnFailureTestExecutionListener, org.springframework.boot.test.autoconfigure.web.servlet.WebDriverTestExecutionListener, org.springframework.boot.test.autoconfigure.webservices.client.MockWebServiceServerTestExecutionListener, org.springframework.boot.test.mock.mockito.MockitoTestExecutionListener, org.springframework.boot.test.mock.mockito.ResetMocksTestExecutionListener, org.springframework.test.context.web.ServletTestExecutionListener, org.springframework.test.context.support.DirtiesContextBeforeModesTestExecutionListener, org.springframework.test.context.event.ApplicationEventsTestExecutionListener, org.springframework.test.context.support.DependencyInjectionTestExecutionListener, org.springframework.test.context.support.DirtiesContextTestExecutionListener, org.springframework.test.context.transaction.TransactionalTestExecutionListener, org.springframework.test.context.jdbc.SqlScriptsTestExecutionListener, org.springframework.test.context.event.EventPublishingTestExecutionListener]
2021-02-26 12:33:26.904  INFO 28682 --- [    Test worker] .b.t.c.SpringBootTestContextBootstrapper : Using TestExecutionListeners: [org.springframework.test.context.web.ServletTestExecutionListener@36cc6c86, org.springframework.test.context.support.DirtiesContextBeforeModesTestExecutionListener@4904eda5, org.springframework.test.context.event.ApplicationEventsTestExecutionListener@5ceaaef6, org.springframework.boot.test.mock.mockito.MockitoTestExecutionListener@4dd9e811, org.springframework.boot.test.autoconfigure.SpringBootDependencyInjectionTestExecutionListener@18240570, org.springframework.test.context.support.DirtiesContextTestExecutionListener@76a3ba14, org.springframework.test.context.event.EventPublishingTestExecutionListener@7fb73728, org.springframework.boot.test.autoconfigure.restdocs.RestDocsTestExecutionListener@7d2cd1af, org.springframework.boot.test.autoconfigure.web.client.MockRestServiceServerResetTestExecutionListener@459b44ff, org.springframework.boot.test.autoconfigure.web.servlet.MockMvcPrintOnlyOnFailureTestExecutionListener@2e832542, org.springframework.boot.test.autoconfigure.web.servlet.WebDriverTestExecutionListener@68cb59cd, org.springframework.boot.test.autoconfigure.webservices.client.MockWebServiceServerTestExecutionListener@73f15cd2, org.springframework.boot.test.mock.mockito.ResetMocksTestExecutionListener@6cd242ef]

  .   ____          _            __ _ _
 /\\ / ___'_ __ _ _(_)_ __  __ _ \ \ \ \
( ( )\___ | '_ | '_| | '_ \/ _` | \ \ \ \
 \\/  ___)| |_)| | | | | || (_| |  ) ) ) )
  '  |____| .__|_| |_|_| |_\__, | / / / /
 =========|_|==============|___/=/_/_/_/
 :: Spring Boot ::                (v2.4.2)

2021-02-26 12:33:26.920  INFO 28682 --- [    Test worker] com.week3.ApplicationTests               : Starting ApplicationTests using Java 15.0.1 on RGCAFCS82020 with PID 28682 (started by j2153034 in /Users/j2153034/Documents/GitHub/ContinuityProject)
2021-02-26 12:33:26.921  INFO 28682 --- [    Test worker] com.week3.ApplicationTests               : No active profile set, falling back to default profiles: default
2021-02-26 12:33:27.201  INFO 28682 --- [    Test worker] o.s.s.concurrent.ThreadPoolTaskExecutor  : Initializing ExecutorService 'applicationTaskExecutor'
2021-02-26 12:33:27.293  INFO 28682 --- [    Test worker] com.week3.ApplicationTests               : Started ApplicationTests in 0.387 seconds (JVM running for 2.37)
]]></system-out>
  <system-err><![CDATA[]]></system-err>
</testsuite>
