<?xml version="1.0" encoding="UTF-8"?>
<testsuite name="com.cp.CpApplicationTests" tests="1" skipped="0" failures="0" errors="0" timestamp="2021-03-26T13:12:11" hostname="RGCAFCS82020.local" time="0.127">
  <properties/>
  <testcase name="contextLoads()" classname="com.cp.CpApplicationTests" time="0.127"/>
  <system-out><![CDATA[08:12:08.482 [Test worker] DEBUG org.springframework.test.context.BootstrapUtils - Instantiating CacheAwareContextLoaderDelegate from class [org.springframework.test.context.cache.DefaultCacheAwareContextLoaderDelegate]
08:12:08.490 [Test worker] DEBUG org.springframework.test.context.BootstrapUtils - Instantiating BootstrapContext using constructor [public org.springframework.test.context.support.DefaultBootstrapContext(java.lang.Class,org.springframework.test.context.CacheAwareContextLoaderDelegate)]
08:12:08.512 [Test worker] DEBUG org.springframework.test.context.BootstrapUtils - Instantiating TestContextBootstrapper for test class [com.cp.CpApplicationTests] from class [org.springframework.boot.test.context.SpringBootTestContextBootstrapper]
08:12:08.519 [Test worker] INFO org.springframework.boot.test.context.SpringBootTestContextBootstrapper - Neither @ContextConfiguration nor @ContextHierarchy found for test class [com.cp.CpApplicationTests], using SpringBootContextLoader
08:12:08.522 [Test worker] DEBUG org.springframework.test.context.support.AbstractContextLoader - Did not detect default resource location for test class [com.cp.CpApplicationTests]: class path resource [com/cp/CpApplicationTests-context.xml] does not exist
08:12:08.523 [Test worker] DEBUG org.springframework.test.context.support.AbstractContextLoader - Did not detect default resource location for test class [com.cp.CpApplicationTests]: class path resource [com/cp/CpApplicationTestsContext.groovy] does not exist
08:12:08.523 [Test worker] INFO org.springframework.test.context.support.AbstractContextLoader - Could not detect default resource locations for test class [com.cp.CpApplicationTests]: no resource found for suffixes {-context.xml, Context.groovy}.
08:12:08.524 [Test worker] INFO org.springframework.test.context.support.AnnotationConfigContextLoaderUtils - Could not detect default configuration classes for test class [com.cp.CpApplicationTests]: CpApplicationTests does not declare any static, non-private, non-final, nested classes annotated with @Configuration.
08:12:08.554 [Test worker] DEBUG org.springframework.test.context.support.ActiveProfilesUtils - Could not find an 'annotation declaring class' for annotation type [org.springframework.test.context.ActiveProfiles] and class [com.cp.CpApplicationTests]
08:12:08.599 [Test worker] DEBUG org.springframework.context.annotation.ClassPathScanningCandidateComponentProvider - Identified candidate component class: file [/Users/j2153034/Documents/GitHub/ContinuityProject/build/classes/java/main/com/cp/springApplication.class]
08:12:08.601 [Test worker] INFO org.springframework.boot.test.context.SpringBootTestContextBootstrapper - Found @SpringBootConfiguration com.cp.springApplication for test class com.cp.CpApplicationTests
08:12:08.664 [Test worker] DEBUG org.springframework.boot.test.context.SpringBootTestContextBootstrapper - @TestExecutionListeners is not present for class [com.cp.CpApplicationTests]: using defaults.
08:12:08.664 [Test worker] INFO org.springframework.boot.test.context.SpringBootTestContextBootstrapper - Loaded default TestExecutionListener class names from location [META-INF/spring.factories]: [org.springframework.boot.test.autoconfigure.restdocs.RestDocsTestExecutionListener, org.springframework.boot.test.autoconfigure.web.client.MockRestServiceServerResetTestExecutionListener, org.springframework.boot.test.autoconfigure.web.servlet.MockMvcPrintOnlyOnFailureTestExecutionListener, org.springframework.boot.test.autoconfigure.web.servlet.WebDriverTestExecutionListener, org.springframework.boot.test.autoconfigure.webservices.client.MockWebServiceServerTestExecutionListener, org.springframework.boot.test.mock.mockito.MockitoTestExecutionListener, org.springframework.boot.test.mock.mockito.ResetMocksTestExecutionListener, org.springframework.test.context.web.ServletTestExecutionListener, org.springframework.test.context.support.DirtiesContextBeforeModesTestExecutionListener, org.springframework.test.context.event.ApplicationEventsTestExecutionListener, org.springframework.test.context.support.DependencyInjectionTestExecutionListener, org.springframework.test.context.support.DirtiesContextTestExecutionListener, org.springframework.test.context.transaction.TransactionalTestExecutionListener, org.springframework.test.context.jdbc.SqlScriptsTestExecutionListener, org.springframework.test.context.event.EventPublishingTestExecutionListener]
08:12:08.677 [Test worker] INFO org.springframework.boot.test.context.SpringBootTestContextBootstrapper - Using TestExecutionListeners: [org.springframework.test.context.web.ServletTestExecutionListener@34dd59e4, org.springframework.test.context.support.DirtiesContextBeforeModesTestExecutionListener@56cf8096, org.springframework.test.context.event.ApplicationEventsTestExecutionListener@5835fd9d, org.springframework.boot.test.mock.mockito.MockitoTestExecutionListener@71fef9dc, org.springframework.boot.test.autoconfigure.SpringBootDependencyInjectionTestExecutionListener@2fb29c7e, org.springframework.test.context.support.DirtiesContextTestExecutionListener@5d3622e, org.springframework.test.context.transaction.TransactionalTestExecutionListener@72fdbe1c, org.springframework.test.context.jdbc.SqlScriptsTestExecutionListener@744b9986, org.springframework.test.context.event.EventPublishingTestExecutionListener@4fa1ba1d, org.springframework.boot.test.autoconfigure.restdocs.RestDocsTestExecutionListener@517d63d5, org.springframework.boot.test.autoconfigure.web.client.MockRestServiceServerResetTestExecutionListener@4eef3ab8, org.springframework.boot.test.autoconfigure.web.servlet.MockMvcPrintOnlyOnFailureTestExecutionListener@66c00d4a, org.springframework.boot.test.autoconfigure.web.servlet.WebDriverTestExecutionListener@24f322dd, org.springframework.boot.test.autoconfigure.webservices.client.MockWebServiceServerTestExecutionListener@1e2a8e5d, org.springframework.boot.test.mock.mockito.ResetMocksTestExecutionListener@29a75dda]
08:12:08.679 [Test worker] DEBUG org.springframework.test.context.support.AbstractDirtiesContextTestExecutionListener - Before test class: context [DefaultTestContext@c3b7c4c testClass = CpApplicationTests, testInstance = [null], testMethod = [null], testException = [null], mergedContextConfiguration = [WebMergedContextConfiguration@51f46f85 testClass = CpApplicationTests, locations = '{}', classes = '{class com.cp.springApplication}', contextInitializerClasses = '[]', activeProfiles = '{}', propertySourceLocations = '{}', propertySourceProperties = '{org.springframework.boot.test.context.SpringBootTestContextBootstrapper=true}', contextCustomizers = set[org.springframework.boot.test.autoconfigure.actuate.metrics.MetricsExportContextCustomizerFactory$DisableMetricExportContextCustomizer@399a56f3, org.springframework.boot.test.autoconfigure.properties.PropertyMappingContextCustomizer@0, org.springframework.boot.test.autoconfigure.web.servlet.WebDriverContextCustomizerFactory$Customizer@7daf1cf1, org.springframework.boot.test.context.filter.ExcludeFilterContextCustomizer@15eb2596, org.springframework.boot.test.json.DuplicateJsonObjectContextCustomizerFactory$DuplicateJsonObjectContextCustomizer@165cac1c, org.springframework.boot.test.mock.mockito.MockitoContextCustomizer@0, org.springframework.boot.test.web.client.TestRestTemplateContextCustomizer@452f0dab, org.springframework.boot.test.context.SpringBootTestArgs@1, org.springframework.boot.test.context.SpringBootTestWebEnvironment@22362737], resourceBasePath = 'src/main/webapp', contextLoader = 'org.springframework.boot.test.context.SpringBootContextLoader', parent = [null]], attributes = map['org.springframework.test.context.web.ServletTestExecutionListener.activateListener' -> true]], class annotated with @DirtiesContext [false] with mode [null].
08:12:08.704 [Test worker] DEBUG org.springframework.test.context.support.TestPropertySourceUtils - Adding inlined properties to environment: {spring.jmx.enabled=false, org.springframework.boot.test.context.SpringBootTestContextBootstrapper=true}

  .   ____          _            __ _ _
 /\\ / ___'_ __ _ _(_)_ __  __ _ \ \ \ \
( ( )\___ | '_ | '_| | '_ \/ _` | \ \ \ \
 \\/  ___)| |_)| | | | | || (_| |  ) ) ) )
  '  |____| .__|_| |_|_| |_\__, | / / / /
 =========|_|==============|___/=/_/_/_/
 :: Spring Boot ::                (v2.4.4)

2021-03-26 08:12:09.035  INFO 78312 --- [    Test worker] com.cp.CpApplicationTests                : Starting CpApplicationTests using Java 15.0.1 on RGCAFCS82020.local with PID 78312 (started by j2153034 in /Users/j2153034/Documents/GitHub/ContinuityProject)
2021-03-26 08:12:09.037  INFO 78312 --- [    Test worker] com.cp.CpApplicationTests                : No active profile set, falling back to default profiles: default
2021-03-26 08:12:09.480  INFO 78312 --- [    Test worker] .s.d.r.c.RepositoryConfigurationDelegate : Bootstrapping Spring Data JPA repositories in DEFAULT mode.
2021-03-26 08:12:09.519  INFO 78312 --- [    Test worker] .s.d.r.c.RepositoryConfigurationDelegate : Finished Spring Data repository scanning in 34 ms. Found 2 JPA repository interfaces.
2021-03-26 08:12:09.877  INFO 78312 --- [    Test worker] com.zaxxer.hikari.HikariDataSource       : HikariPool-1 - Starting...
2021-03-26 08:12:10.000  INFO 78312 --- [    Test worker] com.zaxxer.hikari.HikariDataSource       : HikariPool-1 - Start completed.
2021-03-26 08:12:10.049  INFO 78312 --- [    Test worker] o.hibernate.jpa.internal.util.LogHelper  : HHH000204: Processing PersistenceUnitInfo [name: default]
2021-03-26 08:12:10.086  INFO 78312 --- [    Test worker] org.hibernate.Version                    : HHH000412: Hibernate ORM core version 5.4.29.Final
2021-03-26 08:12:10.193  INFO 78312 --- [    Test worker] o.hibernate.annotations.common.Version   : HCANN000001: Hibernate Commons Annotations {5.1.2.Final}
2021-03-26 08:12:10.283  INFO 78312 --- [    Test worker] org.hibernate.dialect.Dialect            : HHH000400: Using dialect: org.hibernate.dialect.H2Dialect
2021-03-26 08:12:10.404  WARN 78312 --- [    Test worker] org.hibernate.cfg.AnnotationBinder       : HHH000139: Illegal use of @Table in a subclass of a SINGLE_TABLE hierarchy: com.cp.model.Captain
2021-03-26 08:12:10.724  INFO 78312 --- [    Test worker] o.h.e.t.j.p.i.JtaPlatformInitiator       : HHH000490: Using JtaPlatform implementation: [org.hibernate.engine.transaction.jta.platform.internal.NoJtaPlatform]
2021-03-26 08:12:10.729  INFO 78312 --- [    Test worker] j.LocalContainerEntityManagerFactoryBean : Initialized JPA EntityManagerFactory for persistence unit 'default'
2021-03-26 08:12:11.124  WARN 78312 --- [    Test worker] JpaBaseConfiguration$JpaWebConfiguration : spring.jpa.open-in-view is enabled by default. Therefore, database queries may be performed during view rendering. Explicitly configure spring.jpa.open-in-view to disable this warning
2021-03-26 08:12:11.281  INFO 78312 --- [    Test worker] o.s.s.concurrent.ThreadPoolTaskExecutor  : Initializing ExecutorService 'applicationTaskExecutor'
2021-03-26 08:12:11.540  INFO 78312 --- [    Test worker] com.cp.CpApplicationTests                : Started CpApplicationTests in 2.83 seconds (JVM running for 3.645)
]]></system-out>
  <system-err><![CDATA[]]></system-err>
</testsuite>
