<?xml version="1.0" encoding="UTF-8"?>
<testsuite name="com.cp.model.CrewMemberTest" tests="4" skipped="0" failures="0" errors="0" timestamp="2021-03-26T13:12:16" hostname="RGCAFCS82020.local" time="0.002">
  <properties/>
  <testcase name="createDefaultCrewMember()" classname="com.cp.model.CrewMemberTest" time="0.0"/>
  <testcase name="dropMoral()" classname="com.cp.model.CrewMemberTest" time="0.0"/>
  <testcase name="raiseMoral()" classname="com.cp.model.CrewMemberTest" time="0.0"/>
  <testcase name="createCrewMember()" classname="com.cp.model.CrewMemberTest" time="0.001"/>
  <system-out><![CDATA[]]></system-out>
  <system-err><![CDATA[]]></system-err>
</testsuite>
