<?xml version="1.0" encoding="UTF-8"?>
<testsuite name="com.week1.SolarSystemTest" tests="5" skipped="0" failures="0" errors="0" timestamp="2021-02-26T21:21:52" hostname="RGCAFCS82020" time="0.009">
  <properties/>
  <testcase name="getSpaceShipTest()" classname="com.week1.SolarSystemTest" time="0.003"/>
  <testcase name="createDefaultSystem()" classname="com.week1.SolarSystemTest" time="0.001"/>
  <testcase name="createNameShipSystem()" classname="com.week1.SolarSystemTest" time="0.0"/>
  <testcase name="getPlanetTest()" classname="com.week1.SolarSystemTest" time="0.001"/>
  <testcase name="createNameSystem()" classname="com.week1.SolarSystemTest" time="0.0"/>
  <system-out><![CDATA[]]></system-out>
  <system-err><![CDATA[]]></system-err>
</testsuite>
