<?xml version="1.0" encoding="UTF-8"?>
<testsuite name="com.week3.ApplicationTests" tests="1" skipped="0" failures="0" errors="0" timestamp="2021-02-26T21:21:57" hostname="RGCAFCS82020" time="0.003">
  <properties/>
  <testcase name="contextLoads()" classname="com.week3.ApplicationTests" time="0.003"/>
  <system-out><![CDATA[2021-02-26 15:21:56.358  INFO 31228 --- [    Test worker] .b.t.c.SpringBootTestContextBootstrapper : Neither @ContextConfiguration nor @ContextHierarchy found for test class [com.week3.ApplicationTests], using SpringBootContextLoader
2021-02-26 15:21:56.359  INFO 31228 --- [    Test worker] o.s.t.c.support.AbstractContextLoader    : Could not detect default resource locations for test class [com.week3.ApplicationTests]: no resource found for suffixes {-context.xml, Context.groovy}.
2021-02-26 15:21:56.360  INFO 31228 --- [    Test worker] t.c.s.AnnotationConfigContextLoaderUtils : Could not detect default configuration classes for test class [com.week3.ApplicationTests]: ApplicationTests does not declare any static, non-private, non-final, nested classes annotated with @Configuration.
2021-02-26 15:21:56.365  INFO 31228 --- [    Test worker] .b.t.c.SpringBootTestContextBootstrapper : Found @SpringBootConfiguration com.week3.Application for test class com.week3.ApplicationTests
2021-02-26 15:21:56.370  INFO 31228 --- [    Test worker] .b.t.c.SpringBootTestContextBootstrapper : Loaded default TestExecutionListener class names from location [META-INF/spring.factories]: [org.springframework.boot.test.autoconfigure.restdocs.RestDocsTestExecutionListener, org.springframework.boot.test.autoconfigure.web.client.MockRestServiceServerResetTestExecutionListener, org.springframework.boot.test.autoconfigure.web.servlet.MockMvcPrintOnlyOnFailureTestExecutionListener, org.springframework.boot.test.autoconfigure.web.servlet.WebDriverTestExecutionListener, org.springframework.boot.test.autoconfigure.webservices.client.MockWebServiceServerTestExecutionListener, org.springframework.boot.test.mock.mockito.MockitoTestExecutionListener, org.springframework.boot.test.mock.mockito.ResetMocksTestExecutionListener, org.springframework.test.context.web.ServletTestExecutionListener, org.springframework.test.context.support.DirtiesContextBeforeModesTestExecutionListener, org.springframework.test.context.event.ApplicationEventsTestExecutionListener, org.springframework.test.context.support.DependencyInjectionTestExecutionListener, org.springframework.test.context.support.DirtiesContextTestExecutionListener, org.springframework.test.context.transaction.TransactionalTestExecutionListener, org.springframework.test.context.jdbc.SqlScriptsTestExecutionListener, org.springframework.test.context.event.EventPublishingTestExecutionListener]
2021-02-26 15:21:56.371  INFO 31228 --- [    Test worker] .b.t.c.SpringBootTestContextBootstrapper : Using TestExecutionListeners: [org.springframework.test.context.web.ServletTestExecutionListener@60791af5, org.springframework.test.context.support.DirtiesContextBeforeModesTestExecutionListener@108c7248, org.springframework.test.context.event.ApplicationEventsTestExecutionListener@621bee3c, org.springframework.boot.test.mock.mockito.MockitoTestExecutionListener@39e37717, org.springframework.boot.test.autoconfigure.SpringBootDependencyInjectionTestExecutionListener@11656c6c, org.springframework.test.context.support.DirtiesContextTestExecutionListener@6208423a, org.springframework.test.context.event.EventPublishingTestExecutionListener@5f5f2a49, org.springframework.boot.test.autoconfigure.restdocs.RestDocsTestExecutionListener@7d26b57a, org.springframework.boot.test.autoconfigure.web.client.MockRestServiceServerResetTestExecutionListener@471ab0be, org.springframework.boot.test.autoconfigure.web.servlet.MockMvcPrintOnlyOnFailureTestExecutionListener@672333f5, org.springframework.boot.test.autoconfigure.web.servlet.WebDriverTestExecutionListener@4188503a, org.springframework.boot.test.autoconfigure.webservices.client.MockWebServiceServerTestExecutionListener@94da014, org.springframework.boot.test.mock.mockito.ResetMocksTestExecutionListener@1b406ec3]

  .   ____          _            __ _ _
 /\\ / ___'_ __ _ _(_)_ __  __ _ \ \ \ \
( ( )\___ | '_ | '_| | '_ \/ _` | \ \ \ \
 \\/  ___)| |_)| | | | | || (_| |  ) ) ) )
  '  |____| .__|_| |_|_| |_\__, | / / / /
 =========|_|==============|___/=/_/_/_/
 :: Spring Boot ::                (v2.4.2)

2021-02-26 15:21:56.401  INFO 31228 --- [    Test worker] com.week3.ApplicationTests               : Starting ApplicationTests using Java 15.0.1 on RGCAFCS82020 with PID 31228 (started by j2153034 in /Users/j2153034/Documents/GitHub/ContinuityProject)
2021-02-26 15:21:56.403  INFO 31228 --- [    Test worker] com.week3.ApplicationTests               : No active profile set, falling back to default profiles: default
2021-02-26 15:21:56.878  INFO 31228 --- [    Test worker] o.s.s.concurrent.ThreadPoolTaskExecutor  : Initializing ExecutorService 'applicationTaskExecutor'
2021-02-26 15:21:57.033  INFO 31228 --- [    Test worker] com.week3.ApplicationTests               : Started ApplicationTests in 0.659 seconds (JVM running for 5.233)
]]></system-out>
  <system-err><![CDATA[]]></system-err>
</testsuite>
