<?xml version="1.0" encoding="UTF-8"?>
<testsuite name="com.week3.ApplicationTests" tests="1" skipped="0" failures="0" errors="0" timestamp="2021-02-26T22:45:15" hostname="RGCAFCS82020" time="0.004">
  <properties/>
  <testcase name="contextLoads()" classname="com.week3.ApplicationTests" time="0.004"/>
  <system-out><![CDATA[2021-02-26 16:45:15.024  INFO 32457 --- [    Test worker] .b.t.c.SpringBootTestContextBootstrapper : Neither @ContextConfiguration nor @ContextHierarchy found for test class [com.week3.ApplicationTests], using SpringBootContextLoader
2021-02-26 16:45:15.025  INFO 32457 --- [    Test worker] o.s.t.c.support.AbstractContextLoader    : Could not detect default resource locations for test class [com.week3.ApplicationTests]: no resource found for suffixes {-context.xml, Context.groovy}.
2021-02-26 16:45:15.025  INFO 32457 --- [    Test worker] t.c.s.AnnotationConfigContextLoaderUtils : Could not detect default configuration classes for test class [com.week3.ApplicationTests]: ApplicationTests does not declare any static, non-private, non-final, nested classes annotated with @Configuration.
2021-02-26 16:45:15.028  INFO 32457 --- [    Test worker] .b.t.c.SpringBootTestContextBootstrapper : Found @SpringBootConfiguration com.week3.Application for test class com.week3.ApplicationTests
2021-02-26 16:45:15.033  INFO 32457 --- [    Test worker] .b.t.c.SpringBootTestContextBootstrapper : Loaded default TestExecutionListener class names from location [META-INF/spring.factories]: [org.springframework.boot.test.autoconfigure.restdocs.RestDocsTestExecutionListener, org.springframework.boot.test.autoconfigure.web.client.MockRestServiceServerResetTestExecutionListener, org.springframework.boot.test.autoconfigure.web.servlet.MockMvcPrintOnlyOnFailureTestExecutionListener, org.springframework.boot.test.autoconfigure.web.servlet.WebDriverTestExecutionListener, org.springframework.boot.test.autoconfigure.webservices.client.MockWebServiceServerTestExecutionListener, org.springframework.boot.test.mock.mockito.MockitoTestExecutionListener, org.springframework.boot.test.mock.mockito.ResetMocksTestExecutionListener, org.springframework.test.context.web.ServletTestExecutionListener, org.springframework.test.context.support.DirtiesContextBeforeModesTestExecutionListener, org.springframework.test.context.event.ApplicationEventsTestExecutionListener, org.springframework.test.context.support.DependencyInjectionTestExecutionListener, org.springframework.test.context.support.DirtiesContextTestExecutionListener, org.springframework.test.context.transaction.TransactionalTestExecutionListener, org.springframework.test.context.jdbc.SqlScriptsTestExecutionListener, org.springframework.test.context.event.EventPublishingTestExecutionListener]
2021-02-26 16:45:15.034  INFO 32457 --- [    Test worker] .b.t.c.SpringBootTestContextBootstrapper : Using TestExecutionListeners: [org.springframework.test.context.web.ServletTestExecutionListener@29c3a44b, org.springframework.test.context.support.DirtiesContextBeforeModesTestExecutionListener@311f5284, org.springframework.test.context.event.ApplicationEventsTestExecutionListener@5f5d91e5, org.springframework.boot.test.mock.mockito.MockitoTestExecutionListener@36b049eb, org.springframework.boot.test.autoconfigure.SpringBootDependencyInjectionTestExecutionListener@2e5528a, org.springframework.test.context.support.DirtiesContextTestExecutionListener@4925bb20, org.springframework.test.context.event.EventPublishingTestExecutionListener@7a44c958, org.springframework.boot.test.autoconfigure.restdocs.RestDocsTestExecutionListener@4e0f28ea, org.springframework.boot.test.autoconfigure.web.client.MockRestServiceServerResetTestExecutionListener@66d642a3, org.springframework.boot.test.autoconfigure.web.servlet.MockMvcPrintOnlyOnFailureTestExecutionListener@2ce09e2, org.springframework.boot.test.autoconfigure.web.servlet.WebDriverTestExecutionListener@5e9c1eea, org.springframework.boot.test.autoconfigure.webservices.client.MockWebServiceServerTestExecutionListener@696335ab, org.springframework.boot.test.mock.mockito.ResetMocksTestExecutionListener@3d74a17e]

  .   ____          _            __ _ _
 /\\ / ___'_ __ _ _(_)_ __  __ _ \ \ \ \
( ( )\___ | '_ | '_| | '_ \/ _` | \ \ \ \
 \\/  ___)| |_)| | | | | || (_| |  ) ) ) )
  '  |____| .__|_| |_|_| |_\__, | / / / /
 =========|_|==============|___/=/_/_/_/
 :: Spring Boot ::                (v2.4.2)

2021-02-26 16:45:15.060  INFO 32457 --- [    Test worker] com.week3.ApplicationTests               : Starting ApplicationTests using Java 15.0.1 on RGCAFCS82020 with PID 32457 (started by j2153034 in /Users/j2153034/Documents/GitHub/ContinuityProject)
2021-02-26 16:45:15.062  INFO 32457 --- [    Test worker] com.week3.ApplicationTests               : No active profile set, falling back to default profiles: default
2021-02-26 16:45:15.502  INFO 32457 --- [    Test worker] o.s.s.concurrent.ThreadPoolTaskExecutor  : Initializing ExecutorService 'applicationTaskExecutor'
2021-02-26 16:45:15.697  INFO 32457 --- [    Test worker] com.week3.ApplicationTests               : Started ApplicationTests in 0.66 seconds (JVM running for 4.887)
]]></system-out>
  <system-err><![CDATA[]]></system-err>
</testsuite>
