<?xml version="1.0" encoding="UTF-8"?>
<testsuite name="com.week1.PlanetTest" tests="5" skipped="0" failures="0" errors="0" timestamp="2021-02-26T22:45:11" hostname="RGCAFCS82020" time="0.046">
  <properties/>
  <testcase name="createDefaultPlanet()" classname="com.week1.PlanetTest" time="0.028"/>
  <testcase name="testGetName()" classname="com.week1.PlanetTest" time="0.001"/>
  <testcase name="createDefaultPlanet2()" classname="com.week1.PlanetTest" time="0.012"/>
  <testcase name="createPlanet()" classname="com.week1.PlanetTest" time="0.001"/>
  <testcase name="testGetDistance()" classname="com.week1.PlanetTest" time="0.001"/>
  <system-out><![CDATA[]]></system-out>
  <system-err><![CDATA[]]></system-err>
</testsuite>
