<?xml version="1.0" encoding="UTF-8"?>
<testsuite name="com.cp.model.SolarSystemTest" tests="5" skipped="0" failures="0" errors="0" timestamp="2021-03-26T13:12:16" hostname="RGCAFCS82020.local" time="0.003">
  <properties/>
  <testcase name="getSpaceShipTest()" classname="com.cp.model.SolarSystemTest" time="0.001"/>
  <testcase name="createDefaultSystem()" classname="com.cp.model.SolarSystemTest" time="0.0"/>
  <testcase name="createNameShipSystem()" classname="com.cp.model.SolarSystemTest" time="0.0"/>
  <testcase name="getPlanetTest()" classname="com.cp.model.SolarSystemTest" time="0.001"/>
  <testcase name="createNameSystem()" classname="com.cp.model.SolarSystemTest" time="0.0"/>
  <system-out><![CDATA[]]></system-out>
  <system-err><![CDATA[]]></system-err>
</testsuite>
