<?xml version="1.0" encoding="UTF-8"?>
<testsuite name="com.week3.ApplicationTests" tests="1" skipped="0" failures="0" errors="0" timestamp="2021-02-26T20:38:27" hostname="RGCAFCS82020" time="0.002">
  <properties/>
  <testcase name="contextLoads()" classname="com.week3.ApplicationTests" time="0.002"/>
  <system-out><![CDATA[2021-02-26 14:38:26.921  INFO 30360 --- [    Test worker] .b.t.c.SpringBootTestContextBootstrapper : Neither @ContextConfiguration nor @ContextHierarchy found for test class [com.week3.ApplicationTests], using SpringBootContextLoader
2021-02-26 14:38:26.922  INFO 30360 --- [    Test worker] o.s.t.c.support.AbstractContextLoader    : Could not detect default resource locations for test class [com.week3.ApplicationTests]: no resource found for suffixes {-context.xml, Context.groovy}.
2021-02-26 14:38:26.922  INFO 30360 --- [    Test worker] t.c.s.AnnotationConfigContextLoaderUtils : Could not detect default configuration classes for test class [com.week3.ApplicationTests]: ApplicationTests does not declare any static, non-private, non-final, nested classes annotated with @Configuration.
2021-02-26 14:38:26.924  INFO 30360 --- [    Test worker] .b.t.c.SpringBootTestContextBootstrapper : Found @SpringBootConfiguration com.week3.Application for test class com.week3.ApplicationTests
2021-02-26 14:38:26.928  INFO 30360 --- [    Test worker] .b.t.c.SpringBootTestContextBootstrapper : Loaded default TestExecutionListener class names from location [META-INF/spring.factories]: [org.springframework.boot.test.autoconfigure.restdocs.RestDocsTestExecutionListener, org.springframework.boot.test.autoconfigure.web.client.MockRestServiceServerResetTestExecutionListener, org.springframework.boot.test.autoconfigure.web.servlet.MockMvcPrintOnlyOnFailureTestExecutionListener, org.springframework.boot.test.autoconfigure.web.servlet.WebDriverTestExecutionListener, org.springframework.boot.test.autoconfigure.webservices.client.MockWebServiceServerTestExecutionListener, org.springframework.boot.test.mock.mockito.MockitoTestExecutionListener, org.springframework.boot.test.mock.mockito.ResetMocksTestExecutionListener, org.springframework.test.context.web.ServletTestExecutionListener, org.springframework.test.context.support.DirtiesContextBeforeModesTestExecutionListener, org.springframework.test.context.event.ApplicationEventsTestExecutionListener, org.springframework.test.context.support.DependencyInjectionTestExecutionListener, org.springframework.test.context.support.DirtiesContextTestExecutionListener, org.springframework.test.context.transaction.TransactionalTestExecutionListener, org.springframework.test.context.jdbc.SqlScriptsTestExecutionListener, org.springframework.test.context.event.EventPublishingTestExecutionListener]
2021-02-26 14:38:26.929  INFO 30360 --- [    Test worker] .b.t.c.SpringBootTestContextBootstrapper : Using TestExecutionListeners: [org.springframework.test.context.web.ServletTestExecutionListener@76915599, org.springframework.test.context.support.DirtiesContextBeforeModesTestExecutionListener@4004c972, org.springframework.test.context.event.ApplicationEventsTestExecutionListener@32d3a5b1, org.springframework.boot.test.mock.mockito.MockitoTestExecutionListener@75fb651b, org.springframework.boot.test.autoconfigure.SpringBootDependencyInjectionTestExecutionListener@93acba0, org.springframework.test.context.support.DirtiesContextTestExecutionListener@6f93ccac, org.springframework.test.context.event.EventPublishingTestExecutionListener@40c212c2, org.springframework.boot.test.autoconfigure.restdocs.RestDocsTestExecutionListener@6ebf647c, org.springframework.boot.test.autoconfigure.web.client.MockRestServiceServerResetTestExecutionListener@3187c5c0, org.springframework.boot.test.autoconfigure.web.servlet.MockMvcPrintOnlyOnFailureTestExecutionListener@408099f0, org.springframework.boot.test.autoconfigure.web.servlet.WebDriverTestExecutionListener@1004d720, org.springframework.boot.test.autoconfigure.webservices.client.MockWebServiceServerTestExecutionListener@50dcdd8, org.springframework.boot.test.mock.mockito.ResetMocksTestExecutionListener@aabb17c]

  .   ____          _            __ _ _
 /\\ / ___'_ __ _ _(_)_ __  __ _ \ \ \ \
( ( )\___ | '_ | '_| | '_ \/ _` | \ \ \ \
 \\/  ___)| |_)| | | | | || (_| |  ) ) ) )
  '  |____| .__|_| |_|_| |_\__, | / / / /
 =========|_|==============|___/=/_/_/_/
 :: Spring Boot ::                (v2.4.2)

2021-02-26 14:38:26.951  INFO 30360 --- [    Test worker] com.week3.ApplicationTests               : Starting ApplicationTests using Java 15.0.1 on RGCAFCS82020 with PID 30360 (started by j2153034 in /Users/j2153034/Documents/GitHub/ContinuityProject)
2021-02-26 14:38:26.952  INFO 30360 --- [    Test worker] com.week3.ApplicationTests               : No active profile set, falling back to default profiles: default
2021-02-26 14:38:27.266  INFO 30360 --- [    Test worker] o.s.s.concurrent.ThreadPoolTaskExecutor  : Initializing ExecutorService 'applicationTaskExecutor'
2021-02-26 14:38:27.373  INFO 30360 --- [    Test worker] com.week3.ApplicationTests               : Started ApplicationTests in 0.442 seconds (JVM running for 2.726)
]]></system-out>
  <system-err><![CDATA[]]></system-err>
</testsuite>
